Added node 289 to index 0
Updated machine hashes: [289]
Migrating data between 289 and 289 from source machine index 0 to dest machine index 0
Adding first object
Attempting to insert new object 246 to machine index 0
Added new object 246 to index 0
Updated object hashes: [246]
Adding second object
Attempting to insert new object 670 to machine index 0
Memory error
Scaling from 1 machines
Added node 698 to index 1
Updated machine hashes: [289, 698]
Migrating data between 289 and 698 from source machine index 0 to dest machine index 1
Attempting to insert new object 670 to machine index 1
Added new object 670 to index 1
Updated object hashes: [246, 670]
Getting first object
Getting first object from machine index 0
first object
Getting second object
Getting second object from machine index 1
second object
450
